Flat profile:

Each sample counts as 0.01 seconds.
 no time accumulated

  %   cumulative   self              self     total           
 time   seconds   seconds    calls  Ts/call  Ts/call  name    
  0.00      0.00     0.00        1     0.00     0.00  _GLOBAL__sub_I__Z18generateHistogramsv
  0.00      0.00     0.00        1     0.00     0.00  generateHistograms()
  0.00      0.00     0.00        1     0.00     0.00  __static_initialization_and_destruction_0(int, int)

			Call graph


granularity: each sample hit covers 2 byte(s) no time propagated

index % time    self  children    called     name
                0.00    0.00       1/1           __libc_csu_init [14]
[8]      0.0    0.00    0.00       1         _GLOBAL__sub_I__Z18generateHistogramsv [8]
                0.00    0.00       1/1           __static_initialization_and_destruction_0(int, int) [10]
-----------------------------------------------
                0.00    0.00       1/1           main [6]
[9]      0.0    0.00    0.00       1         generateHistograms() [9]
-----------------------------------------------
                0.00    0.00       1/1           _GLOBAL__sub_I__Z18generateHistogramsv [8]
[10]     0.0    0.00    0.00       1         __static_initialization_and_destruction_0(int, int) [10]
-----------------------------------------------

Index by function name

   [8] _GLOBAL__sub_I__Z18generateHistogramsv [9] generateHistograms() [10] __static_initialization_and_destruction_0(int, int)
